<?xml version="1.0" encoding="UTF-8"?>
<!-- Generated by org.testng.reporters.JUnitXMLReporter -->
<testsuite ignored="0" hostname="KanniyaVikashini" failures="1" tests="2" name="Test" time="6.916" errors="0" timestamp="2024-07-22T22:01:08 IST">
  <testcase classname="runtest.OrderTest" name="order" time="0.006">
    <failure type="java.lang.NullPointerException" message="Cannot invoke &amp;quot;pages.ProductPage.productsList()&amp;quot; because &amp;quot;this.productpage&amp;quot; is null">
      <![CDATA[java.lang.NullPointerException: Cannot invoke "pages.ProductPage.productsList()" because "this.productpage" is null
at runtest.OrderTest.order(OrderTest.java:28)
at java.base/java.util.ArrayList.forEach(ArrayList.java:1511)
... Removed 27 stack frames]]>
    </failure>
  </testcase> <!-- order -->
  <testcase classname="runtest.LoginTest" name="testLogin" time="0.999"/>
</testsuite> <!-- Test -->
